<?xml version="1.0" encoding="UTF-8"?>
<!-- Generated by org.testng.reporters.JUnitReportReporter -->
<testsuite hostname="LOG-BOM-070" name="org.testing.TestScripts.TC1" tests="1" failures="0" timestamp="1 May 2021 12:09:22 GMT" time="58.917" errors="0">
  <testcase name="SIGNIN" time="58.917" classname="org.testing.TestScripts.TC1"/>
</testsuite> <!-- org.testing.TestScripts.TC1 -->
