<?xml version="1.0" encoding="UTF-8"?>
<!-- Generated by org.testng.reporters.JUnitReportReporter -->
<testsuite hostname="LOG-BOM-070" name="org.testing.TestScripts.TC3" tests="1" failures="0" timestamp="1 May 2021 12:10:24 GMT" time="52.110" errors="0">
  <testcase name="Signin" time="52.110" classname="org.testing.TestScripts.TC3"/>
</testsuite> <!-- org.testing.TestScripts.TC3 -->
