<?xml version="1.0" encoding="UTF-8"?>
<!-- Generated by org.testng.reporters.JUnitReportReporter -->
<testsuite hostname="LOG-BOM-070" name="org.testing.TestScripts.TCFail" tests="1" failures="0" timestamp="15 Apr 2021 17:10:34 GMT" time="84.954" errors="0">
  <testcase name="Signin" time="84.954" classname="org.testing.TestScripts.TCFail"/>
</testsuite> <!-- org.testing.TestScripts.TCFail -->
