<?xml version="1.0" encoding="UTF-8"?>
<!-- Generated by org.testng.reporters.JUnitReportReporter -->
<testsuite hostname="LOG-BOM-070" name="org.testing.TestScripts.testNG" tests="1" failures="0" timestamp="15 Apr 2021 17:10:34 GMT" time="0.001" errors="0">
  <testcase name="m0" time="0.001" classname="org.testing.TestScripts.testNG"/>
</testsuite> <!-- org.testing.TestScripts.testNG -->
