<?xml version="1.0" encoding="UTF-8"?>
<!-- Generated by org.testng.reporters.JUnitReportReporter -->
<testsuite hostname="LOG-BOM-070" name="org.testing.TestScripts.TC1" tests="1" failures="0" timestamp="29 Apr 2021 10:45:24 GMT" time="65.001" errors="0">
  <testcase name="SIGNIN" time="65.001" classname="org.testing.TestScripts.TC1"/>
</testsuite> <!-- org.testing.TestScripts.TC1 -->
